[2025-11-06 12:08:09] [INFO] Page d'accueil demandée.
[2025-11-06 12:08:25] [INFO] Page d'accueil demandée.
[2025-11-06 13:06:42] [INFO] Page d'accueil demandée.
[2025-11-06 13:06:57] [INFO] Page d'accueil demandée.
[2025-11-06 13:07:42] [INFO] Page d'accueil demandée.
[2025-11-06 13:08:09] [INFO] Page d'accueil demandée.
[2025-11-06 13:08:20] [INFO] Page d'accueil demandée.
[2025-11-06 13:09:18] [INFO] Page d'accueil demandée.
[2025-11-06 13:11:02] [INFO] Page d'accueil demandée.
[2025-11-06 13:11:04] [INFO] Page d'accueil demandée.
[2025-11-06 13:11:06] [INFO] Page d'accueil demandée.
[2025-11-06 13:13:20] [INFO] Page d'accueil demandée.
[2025-11-06 13:13:28] [INFO] Page d'accueil demandée.
[2025-11-06 13:19:18] [INFO] Page d'accueil demandée.
[2025-11-06 13:19:25] [INFO] Page d'accueil demandée.
[2025-11-06 13:21:27] [WARNING] Page 404 : jk
[2025-11-06 13:21:35] [INFO] Page d'accueil demandée.
[2025-11-06 13:52:15] [INFO] Page d'accueil demandée.
[2025-11-06 13:53:16] [WARNING] Erreur de validation du formulaire de contact.
[2025-11-06 13:53:45] [WARNING] Erreur de validation du formulaire de contact.
[2025-11-06 13:54:21] [WARNING] Erreur de validation du formulaire de contact.
[2025-11-06 13:54:35] [INFO] Formulaire de contact soumis par Jean Rhoule (Jean.rhoule@mail.net).
[2025-11-06 13:54:51] [INFO] Page d'accueil demandée.
[2025-11-06 13:55:14] [INFO] Page d'accueil demandée.
[2025-11-06 13:55:30] [INFO] Page d'accueil demandée.
[2025-11-06 14:26:46] [INFO] Page d'accueil demandée.
[2025-11-06 14:26:55] [INFO] Page d'accueil demandée.
[2025-11-06 14:27:47] [INFO] Page d'accueil demandée.
[2025-11-06 14:27:49] [INFO] Page d'accueil demandée.
[2025-11-06 14:28:02] [INFO] Page d'accueil demandée.
[2025-11-06 14:28:05] [INFO] Page d'accueil demandée.
[2025-11-06 14:32:31] [INFO] Page d'accueil demandée.
[2025-11-06 14:37:05] [INFO] Page d'accueil demandée.
[2025-11-06 14:37:23] [INFO] Page d'accueil demandée.
[2025-11-06 14:39:03] [INFO] Page d'accueil demandée.
[2025-11-06 14:39:41] [INFO] Page d'accueil demandée.
[2025-11-06 14:44:01] [INFO] Page d'accueil demandée.
[2025-11-06 14:44:17] [INFO] Page d'accueil demandée.
[2025-11-06 16:21:00] [INFO] Page d'accueil demandée.
[2025-11-12 12:29:10] [ERROR] Échec de la connexion BDD | Exception: SQLSTATE[HY000] [1049] Unknown database '3ablog_db' in C:\xampp\htdocs\3A2526-Blog\app\Core\Database.php:19
[2025-11-12 12:30:41] [ERROR] Échec de la connexion BDD | Exception: SQLSTATE[HY000] [1049] Unknown database '3ablog_db' in C:\xampp\htdocs\3A2526-Blog\app\Core\Database.php:19
[2025-11-12 12:30:43] [ERROR] Échec de la connexion BDD | Exception: SQLSTATE[HY000] [1049] Unknown database '3ablog_db' in C:\xampp\htdocs\3A2526-Blog\app\Core\Database.php:19
[2025-11-12 12:30:54] [ERROR] Échec de la connexion BDD | Exception: SQLSTATE[HY000] [1049] Unknown database '3ablog_db' in C:\xampp\htdocs\3A2526-Blog\app\Core\Database.php:19
[2025-11-12 12:33:39] [INFO] Page d'accueil demandée.
[2025-11-12 12:34:03] [INFO] Page d'accueil demandée.
[2025-11-12 12:34:22] [INFO] Page d'accueil demandée.
[2025-11-12 12:35:15] [INFO] Page d'accueil demandée.
[2025-11-12 12:35:23] [INFO] Page d'accueil demandée.
[2025-11-12 12:35:29] [INFO] Page d'accueil demandée.
[2025-11-12 12:35:57] [INFO] Page d'accueil demandée.
[2025-11-12 12:47:59] [INFO] Page d'accueil demandée.
[2025-11-12 12:49:05] [INFO] Page d'accueil demandée.
[2025-11-12 12:54:56] [INFO] Page d'accueil demandée.
[2025-11-12 12:55:05] [INFO] Page d'accueil demandée.
[2025-11-12 12:58:00] [INFO] Page d'accueil demandée.
[2025-11-12 12:58:10] [INFO] Page d'accueil demandée.
[2025-11-19 13:45:18] [INFO] Page d'accueil demandée.
[2025-11-19 13:45:22] [INFO] Page d'accueil demandée.
[2025-11-19 13:46:48] [INFO] Page d'accueil demandée.
[2025-11-19 13:50:55] [INFO] Page d'accueil demandée.
[2025-11-19 13:59:34] [INFO] Page d'accueil demandée.
[2025-11-19 14:00:10] [INFO] Page d'accueil demandée.
[2025-11-19 14:00:18] [INFO] Page d'accueil demandée.
[2025-11-19 14:00:22] [INFO] Page d'accueil demandée.
